Log file open, 10/14/16 11:56:40
LogInit:Display: Running engine for game: MarimbaWithSound
LogPlatformFile: Not using cached read wrapper
LogInit:Display: RandInit(-1022624800) SRandInit(-1022624800).
LogTaskGraph: Started task graph with 5 named threads and 8 total threads with 1 sets of task threads.
LogStats: Stats thread started at 0.077981
LogPluginManager: Loaded Plugin Paper2D, From C:/Program Files (x86)/Epic Games/4.13/Engine/Plugins/2D/Paper2D/Paper2D.uplugin
LogPluginManager: Loaded Plugin LightPropagationVolume, From C:/Program Files (x86)/Epic Games/4.13/Engine/Plugins/Blendables/LightPropagationVolume/LightPropagationVolume.uplugin
LogPluginManager: Loaded Plugin BlankPlugin, From C:/Program Files (x86)/Epic Games/4.13/Engine/Plugins/Developer/BlankPlugin/BlankPlugin.uplugin
LogPluginManager: Loaded Plugin CodeLiteSourceCodeAccess, From C:/Program Files (x86)/Epic Games/4.13/Engine/Plugins/Developer/CodeLiteSourceCodeAccess/CodeLiteSourceCodeAccess.uplugin
LogPluginManager: Loaded Plugin GitSourceControl, From C:/Program Files (x86)/Epic Games/4.13/Engine/Plugins/Developer/GitSourceControl/GitSourceControl.uplugin
LogPluginManager: Loaded Plugin KDevelopSourceCodeAccess, From C:/Program Files (x86)/Epic Games/4.13/Engine/Plugins/Developer/KDevelopSourceCodeAccess/KDevelopSourceCodeAccess.uplugin
LogPluginManager: Loaded Plugin NullSourceCodeAccess, From C:/Program Files (x86)/Epic Games/4.13/Engine/Plugins/Developer/NullSourceCodeAccess/NullSourceCodeAccess.uplugin
LogPluginManager: Loaded Plugin OneSkyLocalizationService, From C:/Program Files (x86)/Epic Games/4.13/Engine/Plugins/Developer/OneSkyLocalizationService/OneSkyLocalizationService.uplugin
LogPluginManager: Loaded Plugin PerforceSourceControl, From C:/Program Files (x86)/Epic Games/4.13/Engine/Plugins/Developer/PerforceSourceControl/PerforceSourceControl.uplugin
LogPluginManager: Loaded Plugin SubversionSourceControl, From C:/Program Files (x86)/Epic Games/4.13/Engine/Plugins/Developer/SubversionSourceControl/SubversionSourceControl.uplugin
LogPluginManager: Loaded Plugin UObjectPlugin, From C:/Program Files (x86)/Epic Games/4.13/Engine/Plugins/Developer/UObjectPlugin/UObjectPlugin.uplugin
LogPluginManager: Loaded Plugin VisualStudioSourceCodeAccess, From C:/Program Files (x86)/Epic Games/4.13/Engine/Plugins/Developer/VisualStudioSourceCodeAccess/VisualStudioSourceCodeAccess.uplugin
LogPluginManager: Loaded Plugin XCodeSourceCodeAccess, From C:/Program Files (x86)/Epic Games/4.13/Engine/Plugins/Developer/XCodeSourceCodeAccess/XCodeSourceCodeAccess.uplugin
LogPluginManager: Loaded Plugin EpicSurvey, From C:/Program Files (x86)/Epic Games/4.13/Engine/Plugins/Editor/EpicSurvey/EpicSurvey.uplugin
LogPluginManager: Loaded Plugin MacGraphicsSwitching, From C:/Program Files (x86)/Epic Games/4.13/Engine/Plugins/Editor/MacGraphicsSwitching/MacGraphicsSwitching.uplugin
LogPluginManager: Loaded Plugin MobileLauncherProfileWizard, From C:/Program Files (x86)/Epic Games/4.13/Engine/Plugins/Editor/MobileLauncherProfileWizard/MobileLauncherProfileWizard.uplugin
LogPluginManager: Loaded Plugin PluginBrowser, From C:/Program Files (x86)/Epic Games/4.13/Engine/Plugins/Editor/PluginBrowser/PluginBrowser.uplugin
LogPluginManager: Loaded Plugin SpeedTreeImporter, From C:/Program Files (x86)/Epic Games/4.13/Engine/Plugins/Editor/SpeedTreeImporter/SpeedTreeImporter.uplugin
LogPluginManager: Loaded Plugin SuperSearchEditor, From C:/Program Files (x86)/Epic Games/4.13/Engine/Plugins/Editor/SuperSearchEditor/SuperSearchEditor.uplugin
LogPluginManager: Loaded Plugin AlembicImporter, From C:/Program Files (x86)/Epic Games/4.13/Engine/Plugins/Experimental/AlembicImporter/AlembicImporter.uplugin
LogPluginManager: Loaded Plugin BlueprintStats, From C:/Program Files (x86)/Epic Games/4.13/Engine/Plugins/Experimental/BlueprintStats/BlueprintStats.uplugin
LogPluginManager: Loaded Plugin CharacterAI, From C:/Program Files (x86)/Epic Games/4.13/Engine/Plugins/Experimental/CharacterAI/CharacterAI.uplugin
LogPluginManager: Loaded Plugin CodeEditor, From C:/Program Files (x86)/Epic Games/4.13/Engine/Plugins/Experimental/CodeEditor/CodeEditor.uplugin
LogPluginManager: Loaded Plugin CodeView, From C:/Program Files (x86)/Epic Games/4.13/Engine/Plugins/Experimental/CodeView/CodeView.uplugin
LogPluginManager: Loaded Plugin HTML5Networking, From C:/Program Files (x86)/Epic Games/4.13/Engine/Plugins/Experimental/HTML5Networking/HTML5Networking.uplugin
LogPluginManager: Loaded Plugin LiveEditor, From C:/Program Files (x86)/Epic Games/4.13/Engine/Plugins/Experimental/LiveEditor/LiveEditor.uplugin
LogPluginManager: Loaded Plugin OSVR, From C:/Program Files (x86)/Epic Games/4.13/Engine/Plugins/Experimental/OSVR/OSVR.uplugin
LogPluginManager: Loaded Plugin Phya, From C:/Program Files (x86)/Epic Games/4.13/Engine/Plugins/Experimental/Phya/Phya.uplugin
LogPluginManager: Loaded Plugin SignificanceManager, From C:/Program Files (x86)/Epic Games/4.13/Engine/Plugins/Experimental/SignificanceManager/SignificanceManager.uplugin
LogPluginManager: Loaded Plugin SimpleHMD, From C:/Program Files (x86)/Epic Games/4.13/Engine/Plugins/Experimental/SimpleHMD/SimpleHMD.uplugin
LogPluginManager: Loaded Plugin StereoPanorama, From C:/Program Files (x86)/Epic Games/4.13/Engine/Plugins/Experimental/StereoPanorama/StereoPanorama.uplugin
LogPluginManager: Loaded Plugin StructBox, From C:/Program Files (x86)/Epic Games/4.13/Engine/Plugins/Experimental/StructBox/StructBox.uplugin
LogPluginManager: Loaded Plugin AndroidMedia, From C:/Program Files (x86)/Epic Games/4.13/Engine/Plugins/Media/AndroidMedia/AndroidMedia.uplugin
LogPluginManager: Loaded Plugin AvfMedia, From C:/Program Files (x86)/Epic Games/4.13/Engine/Plugins/Media/AvfMedia/AvfMedia.uplugin
LogPluginManager: Loaded Plugin MediaPlayerEditor, From C:/Program Files (x86)/Epic Games/4.13/Engine/Plugins/Media/MediaPlayerEditor/MediaPlayerEditor.uplugin
LogPluginManager: Loaded Plugin WmfMedia, From C:/Program Files (x86)/Epic Games/4.13/Engine/Plugins/Media/WmfMedia/WmfMedia.uplugin
LogPluginManager: Loaded Plugin MessagingDebugger, From C:/Program Files (x86)/Epic Games/4.13/Engine/Plugins/Messaging/MessagingDebugger/MessagingDebugger.uplugin
LogPluginManager: Loaded Plugin TcpMessaging, From C:/Program Files (x86)/Epic Games/4.13/Engine/Plugins/Messaging/TcpMessaging/TcpMessaging.uplugin
LogPluginManager: Loaded Plugin UdpMessaging, From C:/Program Files (x86)/Epic Games/4.13/Engine/Plugins/Messaging/UdpMessaging/UdpMessaging.uplugin
LogPluginManager: Loaded Plugin LevelSequenceEditor, From C:/Program Files (x86)/Epic Games/4.13/Engine/Plugins/MovieScene/LevelSequenceEditor/LevelSequenceEditor.uplugin
LogPluginManager: Loaded Plugin MatineeToLevelSequence, From C:/Program Files (x86)/Epic Games/4.13/Engine/Plugins/MovieScene/MatineeToLevelSequence/MatineeToLevelSequence.uplugin
LogPluginManager: Loaded Plugin NetcodeUnitTest, From C:/Program Files (x86)/Epic Games/4.13/Engine/Plugins/NetcodeUnitTest/NetcodeUnitTest/NetcodeUnitTest.uplugin
LogPluginManager: Loaded Plugin NUTUnrealEngine4, From C:/Program Files (x86)/Epic Games/4.13/Engine/Plugins/NetcodeUnitTest/NUTUnrealEngine4/NUTUnrealEngine4.uplugin
LogPluginManager: Loaded Plugin OnlineSubsystemGooglePlay, From C:/Program Files (x86)/Epic Games/4.13/Engine/Plugins/Online/Android/OnlineSubsystemGooglePlay/OnlineSubsystemGooglePlay.uplugin
LogPluginManager: Loaded Plugin OnlineSubsystemIOS, From C:/Program Files (x86)/Epic Games/4.13/Engine/Plugins/Online/IOS/OnlineSubsystemIOS/OnlineSubsystemIOS.uplugin
LogPluginManager: Loaded Plugin OnlineFramework, From C:/Program Files (x86)/Epic Games/4.13/Engine/Plugins/Online/OnlineFramework/OnlineFramework.uplugin
LogPluginManager: Loaded Plugin OnlineSubsystem, From C:/Program Files (x86)/Epic Games/4.13/Engine/Plugins/Online/OnlineSubsystem/OnlineSubsystem.uplugin
LogPluginManager: Loaded Plugin OnlineSubsystemAmazon, From C:/Program Files (x86)/Epic Games/4.13/Engine/Plugins/Online/OnlineSubsystemAmazon/OnlineSubsystemAmazon.uplugin
LogPluginManager: Loaded Plugin OnlineSubsystemFacebook, From C:/Program Files (x86)/Epic Games/4.13/Engine/Plugins/Online/OnlineSubsystemFacebook/OnlineSubsystemFacebook.uplugin
LogPluginManager: Loaded Plugin OnlineSubsystemNull, From C:/Program Files (x86)/Epic Games/4.13/Engine/Plugins/Online/OnlineSubsystemNull/OnlineSubsystemNull.uplugin
LogPluginManager: Loaded Plugin OnlineSubsystemOculus, From C:/Program Files (x86)/Epic Games/4.13/Engine/Plugins/Online/OnlineSubsystemOculus/OnlineSubsystemOculus.uplugin
LogPluginManager: Loaded Plugin OnlineSubsystemSteam, From C:/Program Files (x86)/Epic Games/4.13/Engine/Plugins/Online/OnlineSubsystemSteam/OnlineSubsystemSteam.uplugin
LogPluginManager: Loaded Plugin OnlineSubsystemUtils, From C:/Program Files (x86)/Epic Games/4.13/Engine/Plugins/Online/OnlineSubsystemUtils/OnlineSubsystemUtils.uplugin
LogPluginManager: Loaded Plugin IOSTapJoy, From C:/Program Files (x86)/Epic Games/4.13/Engine/Plugins/Runtime/Advertising/IOSTapJoy/IOSTapJoy.uplugin
LogPluginManager: Loaded Plugin AnalyticsBlueprintLibrary, From C:/Program Files (x86)/Epic Games/4.13/Engine/Plugins/Runtime/Analytics/AnalyticsBlueprintLibrary/AnalyticsBlueprintLibrary.uplugin
LogPluginManager: Loaded Plugin AnalyticsMulticast, From C:/Program Files (x86)/Epic Games/4.13/Engine/Plugins/Runtime/Analytics/AnalyticsMulticast/AnalyticsMulticast.uplugin
LogPluginManager: Loaded Plugin Apsalar, From C:/Program Files (x86)/Epic Games/4.13/Engine/Plugins/Runtime/Analytics/Apsalar/Apsalar.uplugin
LogPluginManager: Loaded Plugin FileLogging, From C:/Program Files (x86)/Epic Games/4.13/Engine/Plugins/Runtime/Analytics/FileLogging/FileLogging.uplugin
LogPluginManager: Loaded Plugin Flurry, From C:/Program Files (x86)/Epic Games/4.13/Engine/Plugins/Runtime/Analytics/Flurry/Flurry.uplugin
LogPluginManager: Loaded Plugin AndroidDeviceProfileSelector, From C:/Program Files (x86)/Epic Games/4.13/Engine/Plugins/Runtime/AndroidDeviceProfileSelector/AndroidDeviceProfileSelector.uplugin
LogPluginManager: Loaded Plugin AndroidMoviePlayer, From C:/Program Files (x86)/Epic Games/4.13/Engine/Plugins/Runtime/AndroidMoviePlayer/AndroidMoviePlayer.uplugin
LogPluginManager: Loaded Plugin AppleMoviePlayer, From C:/Program Files (x86)/Epic Games/4.13/Engine/Plugins/Runtime/AppleMoviePlayer/AppleMoviePlayer.uplugin
LogPluginManager: Loaded Plugin ArchVisCharacter, From C:/Program Files (x86)/Epic Games/4.13/Engine/Plugins/Runtime/ArchVisCharacter/ArchVisCharacter.uplugin
LogPluginManager: Loaded Plugin CableComponent, From C:/Program Files (x86)/Epic Games/4.13/Engine/Plugins/Runtime/CableComponent/CableComponent.uplugin
LogPluginManager: Loaded Plugin CustomMeshComponent, From C:/Program Files (x86)/Epic Games/4.13/Engine/Plugins/Runtime/CustomMeshComponent/CustomMeshComponent.uplugin
LogPluginManager: Loaded Plugin ExampleDeviceProfileSelector, From C:/Program Files (x86)/Epic Games/4.13/Engine/Plugins/Runtime/ExampleDeviceProfileSelector/ExampleDeviceProfileSelector.uplugin
LogPluginManager: Loaded Plugin GearVR, From C:/Program Files (x86)/Epic Games/4.13/Engine/Plugins/Runtime/GearVR/GearVR.uplugin
LogPluginManager: Loaded Plugin GoogleVRController, From C:/Program Files (x86)/Epic Games/4.13/Engine/Plugins/Runtime/GoogleVR/GoogleVRController/GoogleVRController.uplugin
LogPluginManager: Loaded Plugin GoogleVRHMD, From C:/Program Files (x86)/Epic Games/4.13/Engine/Plugins/Runtime/GoogleVR/GoogleVRHMD/GoogleVRHMD.uplugin
LogPluginManager: Loaded Plugin IOSDeviceProfileSelector, From C:/Program Files (x86)/Epic Games/4.13/Engine/Plugins/Runtime/IOSDeviceProfileSelector/IOSDeviceProfileSelector.uplugin
LogPluginManager: Loaded Plugin LeapMotion, From C:/Program Files (x86)/Epic Games/4.13/Engine/Plugins/Runtime/LeapMotion/LeapMotion.uplugin
LogPluginManager: Loaded Plugin LinuxDeviceProfileSelector, From C:/Program Files (x86)/Epic Games/4.13/Engine/Plugins/Runtime/LinuxDeviceProfileSelector/LinuxDeviceProfileSelector.uplugin
LogPluginManager: Loaded Plugin LiveEditorListenServer, From C:/Program Files (x86)/Epic Games/4.13/Engine/Plugins/Runtime/LiveEditorListenServer/LiveEditorListenServer.uplugin
LogPluginManager: Loaded Plugin OculusAudio, From C:/Program Files (x86)/Epic Games/4.13/Engine/Plugins/Runtime/OculusAudio/OculusAudio.uplugin
LogPluginManager: Loaded Plugin OculusInput, From C:/Program Files (x86)/Epic Games/4.13/Engine/Plugins/Runtime/OculusInput/OculusInput.uplugin
LogPluginManager: Loaded Plugin OculusLibrary, From C:/Program Files (x86)/Epic Games/4.13/Engine/Plugins/Runtime/OculusLibrary/OculusLibrary.uplugin
LogPluginManager: Loaded Plugin OculusRift, From C:/Program Files (x86)/Epic Games/4.13/Engine/Plugins/Runtime/OculusRift/OculusRift.uplugin
LogPluginManager: Loaded Plugin Oodle, From C:/Program Files (x86)/Epic Games/4.13/Engine/Plugins/Runtime/PacketHandlers/CompressionComponents/Oodle/Oodle.uplugin
LogPluginManager: Loaded Plugin ProceduralMeshComponent, From C:/Program Files (x86)/Epic Games/4.13/Engine/Plugins/Runtime/ProceduralMeshComponent/ProceduralMeshComponent.uplugin
LogPluginManager: Loaded Plugin SoundMod, From C:/Program Files (x86)/Epic Games/4.13/Engine/Plugins/Runtime/SoundMod/SoundMod.uplugin
LogPluginManager: Loaded Plugin SoundVisualizations, From C:/Program Files (x86)/Epic Games/4.13/Engine/Plugins/Runtime/SoundVisualizations/SoundVisualizations.uplugin
LogPluginManager: Loaded Plugin SteamController, From C:/Program Files (x86)/Epic Games/4.13/Engine/Plugins/Runtime/Steam/SteamController/SteamController.uplugin
LogPluginManager: Loaded Plugin SteamVR, From C:/Program Files (x86)/Epic Games/4.13/Engine/Plugins/Runtime/Steam/SteamVR/SteamVR.uplugin
LogPluginManager: Loaded Plugin WebBrowserWidget, From C:/Program Files (x86)/Epic Games/4.13/Engine/Plugins/Runtime/WebBrowserWidget/WebBrowserWidget.uplugin
LogPluginManager: Loaded Plugin WindowsDeviceProfileSelector, From C:/Program Files (x86)/Epic Games/4.13/Engine/Plugins/Runtime/WindowsDeviceProfileSelector/WindowsDeviceProfileSelector.uplugin
LogPluginManager: Loaded Plugin WindowsMoviePlayer, From C:/Program Files (x86)/Epic Games/4.13/Engine/Plugins/Runtime/WindowsMoviePlayer/WindowsMoviePlayer.uplugin
LogPluginManager: Loaded Plugin ScriptPlugin, From C:/Program Files (x86)/Epic Games/4.13/Engine/Plugins/ScriptPlugin/ScriptPlugin.uplugin
LogPluginManager: Loaded Plugin SlateRemote, From C:/Program Files (x86)/Epic Games/4.13/Engine/Plugins/Slate/SlateRemote/SlateRemote.uplugin
LogInit: Using libcurl 7.47.1
LogInit:  - built for x86_64-pc-win32
LogInit:  - supports SSL with WinSSL
LogInit:  - other features:
LogInit:      CURL_VERSION_SSL
LogInit:      CURL_VERSION_IPV6
LogInit:      CURL_VERSION_ASYNCHDNS
LogInit:      CURL_VERSION_LARGEFILE
LogInit:      CURL_VERSION_IDN
LogInit:  CurlRequestOptions (configurable via config and command line):
LogInit:  - bVerifyPeer = false  - Libcurl will NOT verify peer certificate
LogInit:  - bUseHttpProxy = false  - Libcurl will NOT use HTTP proxy
LogInit:  - bDontReuseConnections = false  - Libcurl will reuse connections
LogInit:  - CertBundlePath = nullptr  - Libcurl will use whatever was configured at build time.
LogInit: Build: ++UE4+Release-4.13-CL-3106830
LogInit: Engine Version: 4.13.0-3106830+++UE4+Release-4.13
LogInit: Compatible Engine Version: 4.13.0-3106830+++UE4+Release-4.13
LogInit: Net CL: 3106830
LogDevObjectVersion: Number of dev versions registered: 13
LogDevObjectVersion:   Dev-Blueprints (B0D832E4-1F89-4F0D-ACCF-7EB736FD4AA2): 5
LogDevObjectVersion:   Dev-Build (E1C64328-A22C-4D53-A36C-8E866417BD8C): 0
LogDevObjectVersion:   Dev-Core (375EC13C-06E4-48FB-B500-84F0262A717E): 1
LogDevObjectVersion:   Dev-Editor (E4B068ED-F494-42E9-A231-DA0B2E46BB41): 6
LogDevObjectVersion:   Dev-Framework (CFFC743F-43B0-4480-9391-14DF171D2073): 12
LogDevObjectVersion:   Dev-Mobile (B02B49B5-BB20-44E9-A304-32B752E40360): 0
LogDevObjectVersion:   Dev-Networking (A4E4105C-59A1-49B5-A7C5-40C4547EDFEE): 0
LogDevObjectVersion:   Dev-Online (39C831C9-5AE6-47DC-9A44-9C173E1C8E7C): 0
LogDevObjectVersion:   Dev-Physics (78F01B33-EBEA-4F98-B9B4-84EACCB95AA2): 0
LogDevObjectVersion:   Dev-Platform (6631380F-2D4D-43E0-8009-CF276956A95A): 0
LogDevObjectVersion:   Dev-Rendering (12F88B9F-8875-4AFC-A67C-D90C383ABD29): 4
LogDevObjectVersion:   Dev-Sequencer (7B5AE74C-D270-4C10-A958-57980B212A5A): 0
LogDevObjectVersion:   Dev-VR (D7296918-1DD6-4BDD-9DE2-64A83CC13884): 0
LogInit: Compiled (64-bit): Aug 30 2016 18:11:39
LogInit: Compiled with Visual C++: 19.00.23026.00
LogInit: Build Configuration: Development
LogInit: Branch Name: ++UE4+Release-4.13
LogInit: Command line: -EpicPortal 
LogInit: Base directory: C:/Program Files (x86)/Epic Games/4.13/Engine/Binaries/Win64/
LogInit: Installed Engine Build: 1
LogInit: Presizing for max 8388607 objects, including 0 objects not considered by GC, pre-allocating 0 bytes for permanent pool.
LogInit: Object subsystem initialized
[2016.10.14-15.56.40:817][  0]LogConsoleManager:Display: Setting the console variable 'r.RHICmdBypass' with 'SetByProjectSetting' was ignored as it is lower priority than the previous 'SetBySystemSettingsIni'
[2016.10.14-15.56.40:819][  0]LogInit: Selected Device Profile: [Windows]
[2016.10.14-15.56.40:819][  0]LogInit: Applying CVar settings loaded from the selected device profile: [Windows]
[2016.10.14-15.56.40:831][  0]LogInit: Computer: DESKTOP-C6JH4LA
[2016.10.14-15.56.40:831][  0]LogInit: User: ajgaj
[2016.10.14-15.56.40:831][  0]LogInit: CPU Page size=65536, Cores=4
[2016.10.14-15.56.40:831][  0]LogInit: High frequency timer resolution =2.249998 MHz
[2016.10.14-15.56.40:831][  0]LogMemory: Memory total: Physical=15.9GB (16GB approx)
[2016.10.14-15.56.40:831][  0]LogMemory: Platform Memory Stats for Windows
[2016.10.14-15.56.40:831][  0]LogMemory: Process Physical Memory: 255.45 MB used, 255.45 MB peak
[2016.10.14-15.56.40:831][  0]LogMemory: Process Virtual Memory: 259.81 MB used, 259.81 MB peak
[2016.10.14-15.56.40:831][  0]LogMemory: Physical Memory: 6581.31 MB used, 16257.26 MB total
[2016.10.14-15.56.40:831][  0]LogMemory: Virtual Memory: 622.05 MB used, 134217728.00 MB total
[2016.10.14-15.56.40:861][  0]LogTextLocalizationManager: No specific translations for ('en-US') exist, so ('en') translations will be used.
[2016.10.14-15.56.41:489][  0]LogD3D11RHI: D3D11 adapters:
[2016.10.14-15.56.41:520][  0]LogD3D11RHI:    0. 'NVIDIA GeForce GTX 960M' (Feature Level 11_0)
[2016.10.14-15.56.41:520][  0]LogD3D11RHI:       4064/0/8128 MB DedicatedVideo/DedicatedSystem/SharedSystem, Outputs:1, VendorId:0x10de
[2016.10.14-15.56.41:527][  0]LogD3D11RHI:    1. 'Intel(R) HD Graphics 530' (Feature Level 11_0)
[2016.10.14-15.56.41:527][  0]LogD3D11RHI:       128/0/8128 MB DedicatedVideo/DedicatedSystem/SharedSystem, Outputs:0, VendorId:0x8086
[2016.10.14-15.56.41:528][  0]LogD3D11RHI:    2. 'Microsoft Basic Render Driver' (Feature Level 11_0)
[2016.10.14-15.56.41:528][  0]LogD3D11RHI:       0/0/8128 MB DedicatedVideo/DedicatedSystem/SharedSystem, Outputs:0, VendorId:0x1414
[2016.10.14-15.56.41:528][  0]LogD3D11RHI: Chosen D3D11 Adapter: 0
[2016.10.14-15.56.41:532][  0]LogD3D11RHI: Creating new Direct3DDevice
[2016.10.14-15.56.41:532][  0]LogD3D11RHI:     GPU DeviceId: 0x139b (for the marketing name, search the web for "GPU Device Id")
[2016.10.14-15.56.41:533][  0]LogWindows: EnumDisplayDevices:
[2016.10.14-15.56.41:533][  0]LogWindows:    0. 'Intel(R) HD Graphics 530' (P:1 D:1)
[2016.10.14-15.56.41:533][  0]LogWindows:    1. 'Intel(R) HD Graphics 530' (P:0 D:0)
[2016.10.14-15.56.41:533][  0]LogWindows:    2. 'Intel(R) HD Graphics 530' (P:0 D:0)
[2016.10.14-15.56.41:533][  0]LogWindows: DebugString: PrimaryIsNotTheChoosenAdapter PrimaryIsNotTheChoosenAdapter PrimaryIsNotTheChoosenAdapter FoundDriverCount:0 
[2016.10.14-15.56.41:533][  0]LogD3D11RHI:     Adapter Name: NVIDIA GeForce GTX 960M
[2016.10.14-15.56.41:533][  0]LogD3D11RHI:   Driver Version: Unknown (internal:Unknown, unified:Unknown)
[2016.10.14-15.56.41:533][  0]LogD3D11RHI:      Driver Date: Unknown
[2016.10.14-15.56.41:533][  0]LogRHI: Texture pool is 1361 MB (70% of 1945 MB)
[2016.10.14-15.56.41:547][  0]LogD3D11RHI: Async texture creation enabled
[2016.10.14-15.56.41:557][  0]LogD3D11RHI: GPU Timing Frequency: 1000.000000 (Debug: 2 1)
[2016.10.14-15.56.41:558][  0]LogShaderCompilers: Guid format shader working directory is -13 characters bigger than the processId version (../../../../../../Users/ajgaj/Documents/RIT/VR/MarimbaModel/Intermediate/Shaders/WorkingDirectory/9840/).
[2016.10.14-15.56.41:558][  0]LogShaderCompilers: Cleaned the shader compiler working directory 'C:/Users/ajgaj/AppData/Local/Temp/UnrealShaderWorkingDir/3B0053B34B682EF9F39C66B78FD1C31C/'.
[2016.10.14-15.56.41:558][  0]LogShaderCompilers:Display: Using Local Shader Compiler.
[2016.10.14-15.56.42:531][  0]LogTemp:Display: Loaded TP AllDesktopTargetPlatform
[2016.10.14-15.56.42:539][  0]LogTemp:Display: Loaded TP WindowsClientTargetPlatform
[2016.10.14-15.56.42:547][  0]LogTemp:Display: Loaded TP WindowsNoEditorTargetPlatform
[2016.10.14-15.56.42:556][  0]LogTemp:Display: Loaded TP WindowsServerTargetPlatform
[2016.10.14-15.56.42:564][  0]LogTemp:Display: Loaded TP WindowsTargetPlatform
[2016.10.14-15.56.42:571][  0]LogTemp:Display: Loaded TP AndroidTargetPlatform
[2016.10.14-15.56.42:578][  0]LogTemp:Display: Loaded TP Android_ASTCTargetPlatform
[2016.10.14-15.56.42:585][  0]LogTemp:Display: Loaded TP Android_ATCTargetPlatform
[2016.10.14-15.56.42:591][  0]LogTemp:Display: Loaded TP Android_DXTTargetPlatform
[2016.10.14-15.56.42:598][  0]LogTemp:Display: Loaded TP Android_ETC1TargetPlatform
[2016.10.14-15.56.42:605][  0]LogTemp:Display: Loaded TP Android_ETC2TargetPlatform
[2016.10.14-15.56.42:618][  0]LogTemp:Display: Loaded TP Android_MultiTargetPlatform
[2016.10.14-15.56.42:618][  0]LogTemp:Display: Loaded TP Android_PVRTCTargetPlatform
[2016.10.14-15.56.42:619][  0]LogTemp:Display: Loaded TP HTML5TargetPlatform
[2016.10.14-15.56.42:639][  0]LogTemp:Display: Loaded TP IOSTargetPlatform
[2016.10.14-15.56.42:645][  0]LogTemp:Display: Loaded TP TVOSTargetPlatform
[2016.10.14-15.56.42:652][  0]LogTemp:Display: Loaded TP LinuxClientTargetPlatform
[2016.10.14-15.56.42:659][  0]LogTemp:Display: Loaded TP LinuxNoEditorTargetPlatform
[2016.10.14-15.56.42:666][  0]LogTemp:Display: Loaded TP LinuxServerTargetPlatform
[2016.10.14-15.56.42:673][  0]LogTemp:Display: Loaded TP LinuxTargetPlatform
[2016.10.14-15.56.42:673][  0]LogTargetPlatformManager:Display: Building Assets For Windows
[2016.10.14-15.56.42:741][  0]LogDerivedDataCache:Display: Max Cache Size: 512 MB
[2016.10.14-15.56.42:844][  0]LogDerivedDataCache: Loaded boot cache 0.10s 88MB C:/Users/ajgaj/AppData/Local/UnrealEngine/4.13/DerivedDataCache/Boot.ddc.
[2016.10.14-15.56.42:844][  0]LogDerivedDataCache:Display: Loaded Boot cache: C:/Users/ajgaj/AppData/Local/UnrealEngine/4.13/DerivedDataCache/Boot.ddc
[2016.10.14-15.56.42:844][  0]LogDerivedDataCache: FDerivedDataBackendGraph:  Pak pak cache file ../../../../../../Users/ajgaj/Documents/RIT/VR/MarimbaModel/DerivedDataCache/DDC.ddp not found, will not use a pak cache.
[2016.10.14-15.56.42:844][  0]LogDerivedDataCache: Unable to find inner node Pak for hierarchical cache Hierarchy.
[2016.10.14-15.56.42:844][  0]LogDerivedDataCache: FDerivedDataBackendGraph:  CompressedPak pak cache file ../../../../../../Users/ajgaj/Documents/RIT/VR/MarimbaModel/DerivedDataCache/Compressed.ddp not found, will not use a pak cache.
[2016.10.14-15.56.42:844][  0]LogDerivedDataCache: Unable to find inner node CompressedPak for hierarchical cache Hierarchy.
[2016.10.14-15.56.42:865][  0]LogDerivedDataCache:Display: Pak cache opened for reading ../../../Engine/DerivedDataCache/Compressed.ddp.
[2016.10.14-15.56.42:877][  0]LogDerivedDataCache: Using Local data cache path C:/Users/ajgaj/AppData/Local/UnrealEngine/Common/DerivedDataCache: Writable
[2016.10.14-15.56.43:084][  0]LogInit: Selected Device Profile: [Windows]
[2016.10.14-15.56.43:086][  0]LogContentStreaming: Texture pool size is 0.00 MB
[2016.10.14-15.56.43:179][  0]LogMeshUtilities: No automatic mesh reduction module available
[2016.10.14-15.56.43:179][  0]LogMeshUtilities: No automatic mesh merging module available
[2016.10.14-15.56.43:179][  0]LogMeshUtilities: No distributed automatic mesh merging module available
[2016.10.14-15.56.43:244][  0]LogMaterial: Uniform references updated for custom material expression Custom.
[2016.10.14-15.56.43:549][  0]LogNetVersion: GetLocalNetworkVersion: CL: 3106830, ProjectName: marimbawithsound, ProjectVersion: , EngineNetworkVersion: 1, GameNetworkVersion: 0, NetworkChecksum: 1803593137
[2016.10.14-15.56.43:588][  0]LogAssetRegistry: FAssetRegistry took 0.0217 seconds to start up
[2016.10.14-15.56.43:612][  0]LogPackageLocalizationCache: Processed 3 localized package path(s) for 2 prioritized culture(s) in 0.022789 seconds
[2016.10.14-15.56.43:618][  0]LogUObjectArray: 29777 objects as part of root set at end of initial load.
[2016.10.14-15.56.43:618][  0]LogUObjectAllocator: 6124696 out of 0 bytes used by permanent object pool.
[2016.10.14-15.56.43:618][  0]LogUObjectArray: CloseDisregardForGC: 0/0 objects in disregard for GC pool
[2016.10.14-15.56.43:624][  0]LogInit: WinSock: version 1.1 (2.2), MaxSocks=32767, MaxUdp=65467
[2016.10.14-15.56.43:825][  0]LogSlate: SlateFontCache - WITH_FREETYPE: 1, WITH_HARFBUZZ: 1
[2016.10.14-15.56.43:825][  0]LogSlate: SlateFontCache - WITH_FREETYPE: 1, WITH_HARFBUZZ: 1
[2016.10.14-15.56.44:463][  0]LogUdpMessaging: Initializing bridge on interface 0.0.0.0:0 to multicast group 230.0.0.1:6666.
[2016.10.14-15.56.44:693][  0]SourceControl: Info Source control is disabled
[2016.10.14-15.56.44:728][  0]SourceControl: Info Source control is disabled
[2016.10.14-15.56.44:736][  0]SourceControl: Info Source control is disabled
[2016.10.14-15.56.44:745][  0]SourceControl: Info Source control is disabled
[2016.10.14-15.56.44:984][  0]LogEngine: Initializing Engine...
[2016.10.14-15.56.44:984][  0]LogHMD: Failed to initialize OpenVR with code 110
[2016.10.14-15.56.45:136][  0]LogAIModule: Creating AISystem for world Untitled
[2016.10.14-15.56.45:144][  0]LogInit: XAudio2 using 'Speakers / Headphones (Realtek High Definition Audio)' : 2 channels at 48 kHz using 32 bits per sample (channel mask 0x3)
[2016.10.14-15.56.45:157][  0]LogInit: FAudioDevice initialized.
[2016.10.14-15.56.45:353][  0]LogDerivedDataCache: Saved boot cache 0.20s 88MB C:/Users/ajgaj/AppData/Local/UnrealEngine/4.13/DerivedDataCache/Boot.ddc.
[2016.10.14-15.56.45:363][  0]LogInit: Texture streaming: Enabled
[2016.10.14-15.56.45:386][  0]LogInit: Transaction tracking system initialized
[2016.10.14-15.56.45:405][  0]BlueprintLog: New page: Editor Load
[2016.10.14-15.56.45:468][  0]LocalizationService: Info Localization service is disabled
[2016.10.14-15.56.45:536][  0]LogConsoleResponse:Display: 
[2016.10.14-15.56.45:645][  0]LogCook:Display: Max memory allowance for cook 16384mb min free memory 0mb
[2016.10.14-15.56.45:645][  0]LogCook:Display: Mobile HDR setting 1
[2016.10.14-15.56.45:775][  0]LogFileCache: Scanning file cache for directory 'C:/Users/ajgaj/Documents/RIT/VR/MarimbaModel/Content/' took 0.01s
[2016.10.14-15.56.45:775][  0]SourceControl: Info Source control is disabled
[2016.10.14-15.56.45:775][  0]Cmd: MAP LOAD FILE="../../../../../../Users/ajgaj/Documents/RIT/VR/MarimbaModel/Content/VirtualRealityBP/Maps/StartupMap.umap" TEMPLATE=0 SHOWPROGRESS=1 FEATURELEVEL=3
[2016.10.14-15.56.45:776][  0]LightingResults: New page: Lighting Build
[2016.10.14-15.56.45:778][  0]MapCheck: New page: Map Check
[2016.10.14-15.56.45:778][  0]LightingResults: New page: Lighting Build
[2016.10.14-15.56.45:841][  0]LogAIModule: Creating AISystem for world StartupMap
[2016.10.14-15.56.45:847][  0]LogEditorServer: Finished looking for orphan Actors (0.000 secs)
[2016.10.14-15.56.45:848][  0]Cmd: MAP CHECKDEP NOCLEARLOG
[2016.10.14-15.56.45:882][  0]MapCheck: Info Map check complete: 0 Error(s), 0 Warning(s), took 34.087ms to complete.
[2016.10.14-15.56.45:882][  0]LogFileHelpers: Loading map 'StartupMap' took 0.107
[2016.10.14-15.56.45:998][  0]LogCollectionManager: Loaded 0 collections in 0.001453 seconds
[2016.10.14-15.56.46:038][  0]LogFileCache: Scanning file cache for directory 'C:/Users/ajgaj/Documents/RIT/VR/MarimbaModel/Saved/Collections/' took 0.01s
[2016.10.14-15.56.46:038][  0]LogFileCache: Scanning file cache for directory 'C:/Users/ajgaj/Documents/RIT/VR/MarimbaModel/Content/Developers/ajgaj/Collections/' took 0.01s
[2016.10.14-15.56.46:038][  0]LogFileCache: Scanning file cache for directory 'C:/Users/ajgaj/Documents/RIT/VR/MarimbaModel/Content/Collections/' took 0.01s
[2016.10.14-15.56.46:038][  0]LogCollectionManager: Rebuilt the GUID cache for 0 collections in 0.000003 seconds
[2016.10.14-15.56.46:047][  0]LogContentBrowser: Native class hierarchy populated in 0.0086 seconds. Added 2141 classes and 415 folders.
[2016.10.14-15.56.46:052][  0]LogStats: UGameplayTagsManager::ConstructGameplayTagTree: Construct from data asset -  0.000 s
[2016.10.14-15.56.46:052][  0]LogStats: UGameplayTagsManager::ConstructGameplayTagTree: GameplayTagTreeChangedEvent.Broadcast -  0.000 s
[2016.10.14-15.56.46:052][  0]LogContentBrowser: Native class hierarchy updated for 'GameplayTags' in 0.0005 seconds. Added 12 classes and 0 folders.
[2016.10.14-15.56.46:056][  0]LogContentBrowser: Native class hierarchy updated for 'WidgetCarousel' in 0.0004 seconds. Added 0 classes and 0 folders.
[2016.10.14-15.56.46:089][  0]LogContentBrowser: Native class hierarchy updated for 'AddContentDialog' in 0.0005 seconds. Added 0 classes and 0 folders.
[2016.10.14-15.56.46:093][  0]LogContentBrowser: Native class hierarchy updated for 'SceneOutliner' in 0.0004 seconds. Added 1 classes and 2 folders.
[2016.10.14-15.56.46:106][  0]LogCrashTracker: Crashtracker disabled due to settings.
[2016.10.14-15.56.46:111][  0]LogUObjectGlobals:Warning: Failed to find object 'Class None.'
[2016.10.14-15.56.46:138][  0]LogContentBrowser: Native class hierarchy updated for 'HierarchicalLODOutliner' in 0.0006 seconds. Added 1 classes and 2 folders.
[2016.10.14-15.56.46:138][  0]LogLoad: (Engine Initialization) Total time: 6.14 seconds
[2016.10.14-15.56.46:138][  0]LogLoad: (Engine Initialization) Total Blueprint compile time: 0.00 seconds
[2016.10.14-15.56.46:138][  0]LogExternalProfiler: No external profilers were discovered.  External profiling features will not be available.
[2016.10.14-15.56.46:156][  0]LogWindowsTextInputMethodSystem:Display: IME system now deactivated.
[2016.10.14-15.56.46:156][  0]LogOcInput: OculusInput pre-init called
[2016.10.14-15.56.46:175][  0]LogContentStreaming: Texture pool size now 800 MB
[2016.10.14-15.56.46:334][  0]LogRenderer: Reallocating scene render targets to support 1208x576 (Frame:2).
[2016.10.14-15.56.46:441][  2]LogAssetRegistry: Asset discovery search completed in 2.8750 seconds
[2016.10.14-15.56.46:441][  2]LogCollectionManager: Rebuilt the object cache for 0 collections in 0.000000 seconds (found 0 objects)
[2016.10.14-15.56.46:441][  2]LogCollectionManager: Fixed up redirectors for 0 collections in 0.000074 seconds (updated 0 objects)
[2016.10.14-15.56.51:467][113]Cmd: MAP LOAD FILE="../../../../../../Users/ajgaj/Documents/RIT/VR/MarimbaModel/Content/VirtualRealityBP/Maps/MotionControllerMap.umap" TEMPLATE=0 SHOWPROGRESS=1 FEATURELEVEL=3
[2016.10.14-15.56.51:559][113]LightingResults: New page: Lighting Build
[2016.10.14-15.56.51:559][113]LoadErrors: New page: Loading map: MotionControllerMap.umap
[2016.10.14-15.56.51:576][113]MapCheck: New page: Map Check
[2016.10.14-15.56.51:576][113]LightingResults: New page: Lighting Build
[2016.10.14-15.56.52:440][113]LogAIModule: Creating AISystem for world MotionControllerMap
[2016.10.14-15.56.52:521][113]LogEditorServer: Finished looking for orphan Actors (0.000 secs)
[2016.10.14-15.56.52:548][113]Cmd: MAP CHECKDEP NOCLEARLOG
[2016.10.14-15.56.52:595][113]MapCheck: Info Map check complete: 0 Error(s), 0 Warning(s), took 46.766ms to complete.
[2016.10.14-15.56.52:595][113]LogFileHelpers: Loading map 'MotionControllerMap' took 1.129
[2016.10.14-15.56.57:741][266]MapCheck: New page: Map Check
[2016.10.14-15.56.57:874][266]Cmd: MAP REBUILD ALLVISIBLE
[2016.10.14-15.56.57:874][266]LogEditorServer: Rebuildmap Clear paths rebuilt
[2016.10.14-15.56.58:059][266]LogMaterial: Missing cached shader map for material FDebugViewModeMaterialProxy WorldGridMaterial, compiling. Is special engine material.
[2016.10.14-15.56.58:066][266]LogMaterial: Missing cached shader map for material FDebugViewModeMaterialProxy MaterialInstanceDynamic_2, compiling. 
[2016.10.14-15.56.58:074][266]LogMaterial: Missing cached shader map for material FDebugViewModeMaterialProxy AntiAliasedTextMaterialTranslucent, compiling. 
[2016.10.14-15.56.58:082][266]LogMaterial: Missing cached shader map for material FDebugViewModeMaterialProxy DefaultMaterial, compiling. 
[2016.10.14-15.56.58:088][266]LogMaterial: Missing cached shader map for material FDebugViewModeMaterialProxy M_Wood_Floor_Walnut_Polished, compiling. 
[2016.10.14-15.56.58:095][266]LogMaterial: Missing cached shader map for material FDebugViewModeMaterialProxy M_Basic_Wall, compiling. 
[2016.10.14-15.56.58:102][266]LogMaterial: Missing cached shader map for material FDebugViewModeMaterialProxy BONCONTRO_Mat, compiling. 
[2016.10.14-15.56.58:108][266]LogMaterial: Missing cached shader map for material FDebugViewModeMaterialProxy M_Wood_Oak, compiling. 
[2016.10.14-15.56.58:115][266]LogMaterial: Missing cached shader map for material FDebugViewModeMaterialProxy M_Chair, compiling. 
[2016.10.14-15.56.58:122][266]LogMaterial: Missing cached shader map for material FDebugViewModeMaterialProxy MatineeCam_mat, compiling. 
[2016.10.14-15.56.58:128][266]LogMaterial: Missing cached shader map for material FDebugViewModeMaterialProxy M_Wood_Walnut, compiling. 
[2016.10.14-15.56.59:293][266]LogLevel:Display: Export Material TexCoord Scales took 0.019 seconds.
[2016.10.14-15.56.59:306][266]TextureStreamingBuild:Display: Build Texture Streaming took 0.013 seconds.
[2016.10.14-15.56.59:316][266]LightingResults: New page: Lighting Build - Oct 14, 2016, 6:56:59 AM
[2016.10.14-15.56.59:347][266]LogSwarmInterface: [OpenConnection] Registering TCP channel ...
[2016.10.14-15.56.59:413][266]LogSwarmInterface: [OpenConnection] Connecting to agent ...
[2016.10.14-15.56.59:421][266]LogSwarmInterface: [TryOpenConnection] Testing the Agent
[2016.10.14-15.56.59:929][266]LogSwarmInterface: [TryOpenConnection] Opening Connection to Agent
[2016.10.14-15.56.59:929][266]LogSwarmInterface: [TryOpenConnection] Local Process ID is 9840
[2016.10.14-15.57.00:689][266]LogStaticLightingSystem: Running Lightmass w/ ImmediateImport mode ENABLED
[2016.10.14-15.57.00:689][266]LogStaticLightingSystem: Running Lightmass w/ ImmediateProcess mode ENABLED
[2016.10.14-15.57.00:689][266]LogStaticLightingSystem: Running Lightmass w/ Sorting mode ENABLED
[2016.10.14-15.57.00:689][266]LogStaticLightingSystem: Running Lightmass w/ Mapping paddings ENABLED
[2016.10.14-15.57.00:689][266]LogStaticLightingSystem: Running Lightmass w/ Mapping debug paddings DISABLED
[2016.10.14-15.57.00:840][266]Cmd: MAP CHECK DONTDISPLAYDIALOG
[2016.10.14-15.57.00:840][266]MapCheck: New page: MotionControllerMap - Oct 14, 2016, 6:57:00 AM
[2016.10.14-15.57.00:845][266]MapCheck:Error: Error WorldInfo_0 Maps need lighting rebuilt 
[2016.10.14-15.57.00:892][266]MapCheck: Info Map check complete: 1 Error(s), 0 Warning(s), took 52.115ms to complete.
[2016.10.14-15.57.00:914][266]LogEditorBuildUtils: Build time 0:03
[2016.10.14-15.57.01:030][267]LogMaterial: Missing cached shader map for material FLightmassMaterialRenderer M_Chair, compiling. 
[2016.10.14-15.57.01:039][267]LogMaterial: Missing cached shader map for material FLightmassMaterialRenderer M_Chair, compiling. 
[2016.10.14-15.57.12:381][487]Job is a success!
[2016.10.14-15.57.13:357][488]LogTexture:Display: Building textures: HQ_Lightmap0_1 (AutoDXT)
[2016.10.14-15.57.13:357][488]LogTexture:Display: Building textures: LQ_Lightmap_0_1 (DXT1)
[2016.10.14-15.57.13:357][488]LogTexture:Display: Building textures: HQ_Lightmap1_2 (AutoDXT)
[2016.10.14-15.57.13:357][488]LogTexture:Display: Building textures: LQ_Lightmap_1_2 (DXT1)
[2016.10.14-15.57.13:357][488]LogTexture:Display: Building textures: HQ_Lightmap0_3 (AutoDXT)
[2016.10.14-15.57.13:357][488]LogTexture:Display: Building textures: LQ_Lightmap_0_3 (DXT1)
[2016.10.14-15.57.13:357][488]LogTexture:Display: Building textures: HQ_Lightmap0_4 (AutoDXT)
[2016.10.14-15.57.13:357][488]LogTexture:Display: Building textures: LQ_Lightmap_0_4 (DXT1)
[2016.10.14-15.57.13:516][488]LogTexture:Display: Building textures: ShadowMapTexture2D_0 (BGRA8)
[2016.10.14-15.57.13:516][488]LogTexture:Display: Building textures: ShadowMapTexture2D_1 (BGRA8)
[2016.10.14-15.57.13:516][488]LogTexture:Display: Building textures: ShadowMapTexture2D_2 (G8)
[2016.10.14-15.57.13:516][488]LogTexture:Display: Building textures: ShadowMapTexture2D_3 (G8)
[2016.10.14-15.57.13:540][488]Lightmass on DESKTOP-C6JH4LA: 11.1 sec total, 137 ms importing, 25 ms setup, 2.25 sec photons, 8.73 sec processing, 0 ms extra exporting [55/55 mappings]. Threads: 34.8 sec total, 17.4 sec processing.
[2016.10.14-15.57.13:656][488]LogStaticLightingSystem: Illumination: 14.2 sec (626 ms encoding lightmaps, 153 ms encoding shadowmaps)
[2016.10.14-15.57.13:656][488]LogStaticLightingSystem: Lightmap texture memory:  2.0 MB (0.0 MB streaming, 2.0 MB non-streaming), 8 textures
[2016.10.14-15.57.13:656][488]LogStaticLightingSystem: Shadowmap texture memory: 2.7 MB (0.0 MB streaming, 2.7 MB non-streaming), 4 textures
[2016.10.14-15.57.13:737][489]Cmd: MAP CHECK NOTIFYRESULTS
[2016.10.14-15.57.13:737][489]MapCheck: New page: MotionControllerMap - Oct 14, 2016, 6:57:13 AM
[2016.10.14-15.57.13:785][489]MapCheck: Info Map check complete: 0 Error(s), 0 Warning(s), took 48.16ms to complete.
[2016.10.14-15.57.53:151][610]LogSavePackage: Save=224.59ms
[2016.10.14-15.57.53:151][610]LogSavePackage: Moving '../../../../../../Users/ajgaj/Documents/RIT/VR/MarimbaModel/Saved/MotionControllerMapE289734E4FFB8C8F5949549455B27E92.tmp' to '../../../../../../Users/ajgaj/Documents/RIT/VR/MarimbaModel/Content/VirtualRealityBP/Maps/MotionControllerMap.umap'
[2016.10.14-15.57.53:158][610]LogSavePackage:Display: Finished SavePackage ../../../../../../Users/ajgaj/Documents/RIT/VR/MarimbaModel/Content/VirtualRealityBP/Maps/MotionControllerMap.umap
[2016.10.14-15.57.53:182][610]LogFileHelpers: Saving map 'MotionControllerMap' took 1.570
[2016.10.14-15.58.16:927][322]LogEditorViewport: Clicking on Actor (LMB): PointLight (PointLight)
[2016.10.14-15.59.57:676][458]LogEditorViewport: Clicking on Actor (LMB): BP_Sky_Sphere_C (BP_Sky_Sphere)
[2016.10.14-16.00.15:426][941]LogTexture:Display: Building textures: T_Bush_D (AutoDXT)
[2016.10.14-16.00.15:959][941]LogTexture:Display: Building textures: T_Bush_N (BC5)
[2016.10.14-16.00.16:004][941]LogMaterial: Missing cached shader map for material M_Bush, compiling. 
[2016.10.14-16.00.16:105][941]LogActorFactory: Actor Factory created SM_Bush
[2016.10.14-16.00.16:701][959]LogActorFactory: Actor Factory created SM_Bush
[2016.10.14-16.02.35:991][875]LogEditorViewport: Clicking on Actor (LMB): PostProcessVolume (PostProcessVolume)
[2016.10.14-16.02.40:226][  5]Cmd: EDIT COPY
[2016.10.14-16.02.40:427][ 11]Cmd: EDIT PASTE
[2016.10.14-16.03.01:357][581]LogTexture:Display: Building textures: T_Ground_Grass_D (AutoDXT)
[2016.10.14-16.03.08:620][581]LogTexture:Display: Building textures: T_Ground_Grass_N (BC5)
[2016.10.14-16.03.09:547][581]LogMaterial: Missing cached shader map for material M_Ground_Grass, compiling. 
[2016.10.14-16.03.18:118][843]Cmd: DELETE
[2016.10.14-16.03.18:118][843]Cmd: ACTOR DELETE
[2016.10.14-16.03.18:120][843]LogEditorActor: Deleted Actor: Brush
[2016.10.14-16.03.18:166][843]LogEditorActor: Deleted 1 Actors (0.048 secs)
[2016.10.14-16.03.28:916][153]Cmd: TRANSACTION UNDO
[2016.10.14-16.03.28:916][153]LogEditorTransaction: Undo Scale Actors
[2016.10.14-16.03.28:961][153]LogActorComponent: ~FComponentReregisterContext: (/Game/VirtualRealityBP/Maps/MotionControllerMap.MotionControllerMap:PersistentLevel.BoxBrush4.BrushComponent0) Component already registered.
[2016.10.14-16.03.56:928][963]Cmd: EDIT COPY
[2016.10.14-16.03.57:161][970]Cmd: EDIT PASTE
[2016.10.14-16.04.18:826][558]LogMaterial: Missing cached shader map for material M_Glass, compiling. 
[2016.10.14-16.04.18:926][558]LogActorFactory: Actor Factory created SM_GlassWindow
[2016.10.14-16.04.19:653][580]LogActorFactory: Actor Factory created SM_GlassWindow
[2016.10.14-16.04.52:949][540]LogEditorViewport: Clicking on Actor (LMB): StaticMeshActor (SM_GlassWindow)
[2016.10.14-16.05.08:564][979]Cmd: EDIT COPY
[2016.10.14-16.05.08:797][986]Cmd: EDIT PASTE
[2016.10.14-16.05.28:767][501]LogSavePackage: Save=199.14ms
[2016.10.14-16.05.28:767][501]LogSavePackage: Moving '../../../../../../Users/ajgaj/Documents/RIT/VR/MarimbaModel/Saved/MotionControllerMapA660991D4C530FAA120D3089F27B83F9.tmp' to '../../../../../../Users/ajgaj/Documents/RIT/VR/MarimbaModel/Content/VirtualRealityBP/Maps/MotionControllerMap.umap'
[2016.10.14-16.05.28:772][501]LogSavePackage:Display: Finished SavePackage ../../../../../../Users/ajgaj/Documents/RIT/VR/MarimbaModel/Content/VirtualRealityBP/Maps/MotionControllerMap.umap
[2016.10.14-16.05.28:806][501]LogFileHelpers: Saving map 'MotionControllerMap' took 0.399
[2016.10.14-16.05.50:474][123]Cmd: DELETE
[2016.10.14-16.05.50:474][123]Cmd: ACTOR DELETE
[2016.10.14-16.05.50:475][123]LogEditorActor: Deleted Actor: Brush
[2016.10.14-16.05.50:520][123]LogEditorActor: Deleted 1 Actors (0.047 secs)
[2016.10.14-16.05.51:503][150]Cmd: DELETE
[2016.10.14-16.05.51:503][150]Cmd: ACTOR DELETE
[2016.10.14-16.05.51:506][150]LogEditorActor: Deleted Actor: Brush
[2016.10.14-16.05.51:551][150]LogEditorActor: Deleted 1 Actors (0.048 secs)
[2016.10.14-16.05.52:768][188]LogEditorViewport: Clicking on Actor (LMB): BP_Sky_Sphere_C (BP_Sky_Sphere)
[2016.10.14-16.05.53:572][213]Cmd: DELETE
[2016.10.14-16.05.53:572][213]Cmd: ACTOR DELETE
[2016.10.14-16.05.53:573][213]LogEditorActor: Deleted Actor: Brush
[2016.10.14-16.05.53:591][213]LogEditorActor: Deleted 1 Actors (0.019 secs)
[2016.10.14-16.06.39:630][546]LogEditorViewport: Clicking on Actor (LMB): BP_Sky_Sphere_C (BP_Sky_Sphere)
[2016.10.14-16.06.45:612][719]LogEditorViewport: Clicking on Actor (LMB): StaticMeshActor (SM_GlassWindow)
[2016.10.14-16.06.46:959][763]LogEditorViewport: Clicking on Actor (LMB): BP_Sky_Sphere_C (BP_Sky_Sphere)
[2016.10.14-16.06.48:326][796]MapCheck: New page: Map Check
[2016.10.14-16.06.48:459][796]Cmd: MAP REBUILD ALLVISIBLE
[2016.10.14-16.06.48:461][796]LogEditorServer: Rebuildmap Clear paths rebuilt
[2016.10.14-16.06.48:632][796]LogEditorServer: Cleared 2 NULL BSP materials after rebuild.
[2016.10.14-16.06.48:663][796]LogMaterial: Missing cached shader map for material FDebugViewModeMaterialProxy WorldGridMaterial, compiling. Is special engine material.
[2016.10.14-16.06.48:670][796]LogMaterial: Missing cached shader map for material FDebugViewModeMaterialProxy MaterialInstanceDynamic_4, compiling. 
[2016.10.14-16.06.48:679][796]LogMaterial: Missing cached shader map for material FDebugViewModeMaterialProxy AntiAliasedTextMaterialTranslucent, compiling. 
[2016.10.14-16.06.48:688][796]LogMaterial: Missing cached shader map for material FDebugViewModeMaterialProxy DefaultMaterial, compiling. 
[2016.10.14-16.06.48:695][796]LogMaterial: Missing cached shader map for material FDebugViewModeMaterialProxy M_Wood_Floor_Walnut_Polished, compiling. 
[2016.10.14-16.06.48:702][796]LogMaterial: Missing cached shader map for material FDebugViewModeMaterialProxy M_Basic_Wall, compiling. 
[2016.10.14-16.06.48:710][796]LogMaterial: Missing cached shader map for material FDebugViewModeMaterialProxy BONCONTRO_Mat, compiling. 
[2016.10.14-16.06.48:717][796]LogMaterial: Missing cached shader map for material FDebugViewModeMaterialProxy M_Wood_Oak, compiling. 
[2016.10.14-16.06.48:724][796]LogMaterial: Missing cached shader map for material FDebugViewModeMaterialProxy M_Chair, compiling. 
[2016.10.14-16.06.48:732][796]LogMaterial: Missing cached shader map for material FDebugViewModeMaterialProxy M_Bush, compiling. 
[2016.10.14-16.06.48:739][796]LogMaterial: Missing cached shader map for material FDebugViewModeMaterialProxy M_Ground_Grass, compiling. 
[2016.10.14-16.06.48:747][796]LogMaterial: Missing cached shader map for material FDebugViewModeMaterialProxy M_Glass, compiling. 
[2016.10.14-16.06.48:755][796]LogMaterial: Missing cached shader map for material FDebugViewModeMaterialProxy MatineeCam_mat, compiling. 
[2016.10.14-16.06.48:763][796]LogMaterial: Missing cached shader map for material FDebugViewModeMaterialProxy M_Wood_Walnut, compiling. 
[2016.10.14-16.06.50:117][796]LogLevel:Display: Export Material TexCoord Scales took 0.026 seconds.
[2016.10.14-16.06.50:131][796]TextureStreamingBuild:Display: Build Texture Streaming took 0.015 seconds.
[2016.10.14-16.06.50:142][796]LightingResults: New page: Lighting Build - Oct 14, 2016, 7:06:50 AM
[2016.10.14-16.06.50:150][796]LogSwarmInterface: [OpenConnection] Registering TCP channel ...
[2016.10.14-16.06.50:152][796]LogSwarmInterface: [OpenConnection] Connecting to agent ...
[2016.10.14-16.06.50:152][796]LogSwarmInterface: [TryOpenConnection] Testing the Agent
[2016.10.14-16.06.50:153][796]LogSwarmInterface: [TryOpenConnection] Opening Connection to Agent
[2016.10.14-16.06.50:153][796]LogSwarmInterface: [TryOpenConnection] Local Process ID is 9840
[2016.10.14-16.06.51:975][796]LogStaticLightingSystem: Running Lightmass w/ ImmediateImport mode ENABLED
[2016.10.14-16.06.51:975][796]LogStaticLightingSystem: Running Lightmass w/ ImmediateProcess mode ENABLED
[2016.10.14-16.06.51:975][796]LogStaticLightingSystem: Running Lightmass w/ Sorting mode ENABLED
[2016.10.14-16.06.51:976][796]LogStaticLightingSystem: Running Lightmass w/ Mapping paddings ENABLED
[2016.10.14-16.06.51:976][796]LogStaticLightingSystem: Running Lightmass w/ Mapping debug paddings DISABLED
[2016.10.14-16.06.52:253][796]Cmd: MAP CHECK DONTDISPLAYDIALOG
[2016.10.14-16.06.52:253][796]MapCheck: New page: MotionControllerMap - Oct 14, 2016, 7:06:52 AM
[2016.10.14-16.06.52:254][796]MapCheck:Error: Error WorldInfo_0 Maps need lighting rebuilt 
[2016.10.14-16.06.52:349][796]MapCheck: Info Map check complete: 1 Error(s), 0 Warning(s), took 96.844ms to complete.
[2016.10.14-16.06.52:372][796]LogEditorBuildUtils: Build time 0:03
[2016.10.14-16.06.52:476][797]LogMaterial: Missing cached shader map for material FLightmassMaterialRenderer M_Bush, compiling. 
[2016.10.14-16.06.52:484][797]LogMaterial: Missing cached shader map for material FLightmassMaterialRenderer M_Bush, compiling. 
[2016.10.14-16.06.52:493][797]LogMaterial: Missing cached shader map for material FLightmassMaterialRenderer M_Bush, compiling. 
[2016.10.14-16.06.52:695][798]LogMaterial: Missing cached shader map for material FLightmassMaterialRenderer M_Glass, compiling. 
[2016.10.14-16.06.52:702][798]LogMaterial: Missing cached shader map for material FLightmassMaterialRenderer M_Glass, compiling. 
[2016.10.14-16.06.52:722][799]LogMaterial: Missing cached shader map for material FLightmassMaterialRenderer M_Ground_Grass, compiling. 
[2016.10.14-16.06.52:729][799]LogMaterial: Missing cached shader map for material FLightmassMaterialRenderer M_Ground_Grass, compiling. 
[2016.10.14-16.06.58:537][845]Job is a success!
[2016.10.14-16.06.59:304][846]LogTexture:Display: Building textures: HQ_Lightmap0_1 (AutoDXT)
[2016.10.14-16.06.59:304][846]LogTexture:Display: Building textures: LQ_Lightmap_0_1 (DXT1)
[2016.10.14-16.06.59:304][846]LogTexture:Display: Building textures: HQ_Lightmap0_2 (AutoDXT)
[2016.10.14-16.06.59:304][846]LogTexture:Display: Building textures: LQ_Lightmap_0_2 (DXT1)
[2016.10.14-16.06.59:304][846]LogTexture:Display: Building textures: HQ_Lightmap1_3 (AutoDXT)
[2016.10.14-16.06.59:304][846]LogTexture:Display: Building textures: LQ_Lightmap_1_3 (DXT1)
[2016.10.14-16.06.59:304][846]LogTexture:Display: Building textures: HQ_Lightmap1_4 (AutoDXT)
[2016.10.14-16.06.59:304][846]LogTexture:Display: Building textures: LQ_Lightmap_1_4 (DXT1)
[2016.10.14-16.06.59:460][846]LogTexture:Display: Building textures: ShadowMapTexture2D_4 (BGRA8)
[2016.10.14-16.06.59:460][846]LogTexture:Display: Building textures: ShadowMapTexture2D_5 (BGRA8)
[2016.10.14-16.06.59:460][846]LogTexture:Display: Building textures: ShadowMapTexture2D_6 (G8)
[2016.10.14-16.06.59:460][846]LogTexture:Display: Building textures: ShadowMapTexture2D_7 (G8)
[2016.10.14-16.06.59:479][846]Lightmass on DESKTOP-C6JH4LA: 3.24 sec total, 200 ms importing, 24 ms setup, 334 ms photons, 2.64 sec processing, 0 ms extra exporting [58/58 mappings]. Threads: 10.5 sec total, 4.67 sec processing.
[2016.10.14-16.06.59:608][846]LogStaticLightingSystem: Illumination: 9.28 sec (384 ms encoding lightmaps, 153 ms encoding shadowmaps)
[2016.10.14-16.06.59:608][846]LogStaticLightingSystem: Lightmap texture memory:  2.1 MB (0.1 MB streaming, 2.0 MB non-streaming), 8 textures
[2016.10.14-16.06.59:608][846]LogStaticLightingSystem: Shadowmap texture memory: 2.8 MB (0.2 MB streaming, 2.7 MB non-streaming), 4 textures
[2016.10.14-16.06.59:997][847]Cmd: MAP CHECK NOTIFYRESULTS
[2016.10.14-16.06.59:997][847]MapCheck: New page: MotionControllerMap - Oct 14, 2016, 7:06:59 AM
[2016.10.14-16.07.00:084][847]MapCheck: Info Map check complete: 0 Error(s), 0 Warning(s), took 86.66ms to complete.
[2016.10.14-16.09.51:803][814]LogEditorViewport: Clicking on Actor (LMB): MotionControllerPawn_C (VRPawn)
[2016.10.14-16.10.04:385][183]LogEditorViewport: Clicking on Actor (LMB): StaticMeshActor (SM_GlassWindow)
[2016.10.14-16.10.28:493][884]LogSavePackage: Save=240.30ms
[2016.10.14-16.10.28:493][884]LogSavePackage: Moving '../../../../../../Users/ajgaj/Documents/RIT/VR/MarimbaModel/Saved/MotionControllerMap4808528A4AA56193736806AC8CD91CE2.tmp' to '../../../../../../Users/ajgaj/Documents/RIT/VR/MarimbaModel/Content/VirtualRealityBP/Maps/MotionControllerMap.umap'
[2016.10.14-16.10.28:496][884]LogSavePackage:Display: Finished SavePackage ../../../../../../Users/ajgaj/Documents/RIT/VR/MarimbaModel/Content/VirtualRealityBP/Maps/MotionControllerMap.umap
[2016.10.14-16.10.28:544][884]LogFileHelpers: Saving map 'MotionControllerMap' took 0.395
[2016.10.14-16.13.04:038][600]LogEditorViewport: Clicking on Actor (LMB): StaticMeshActor (SM_GlassWindow)
[2016.10.14-16.13.32:027][254]LogTexture:Display: Building textures: T_Rock_Basalt_D (AutoDXT)
[2016.10.14-16.13.38:577][254]LogTexture:Display: Building textures: T_RockMesh_M (DXT1)
[2016.10.14-16.13.41:126][254]LogTexture:Display: Building textures: T_RockMesh_N (BC5)
[2016.10.14-16.13.41:865][254]LogMaterial: Missing cached shader map for material M_Rock, compiling. 
[2016.10.14-16.13.41:914][254]LogActorFactory: Actor Factory created SM_Rock
[2016.10.14-16.13.41:929][254]LogActorFactory: Actor Factory created SM_Rock
[2016.10.14-16.14.06:109][919]LogActorFactory: Actor Factory created SM_Bush
[2016.10.14-16.14.06:554][932]LogActorFactory: Actor Factory created SM_Bush
[2016.10.14-16.14.21:209][358]LogEditorViewport: Clicking on Actor (LMB): StaticMeshActor (SM_Bush)
[2016.10.14-16.14.32:041][681]LogEditorViewport: Clicking on Actor (LMB): StaticMeshActor (SM_Rock)
[2016.10.14-16.14.34:138][744]LogEditorViewport: Clicking on Actor (LMB): StaticMeshActor (SM_Bush2)
[2016.10.14-16.14.46:032][100]LogEditorViewport: Clicking on Actor (LMB): BP_Sky_Sphere_C (SkySphereBlueprint)
[2016.10.14-16.14.46:571][116]LogEditorViewport: Clicking on Actor (LMB): BP_Sky_Sphere_C (SkySphereBlueprint)
[2016.10.14-16.15.26:408][160]Cmd: EDIT COPY
[2016.10.14-16.15.26:576][165]Cmd: EDIT PASTE
[2016.10.14-16.15.38:349][467]LogTexture:Display: Building textures: HDRI_Epic_Courtyard_Daylight (RGBA16F)
[2016.10.14-16.15.47:343][467]LogMaterial: Missing cached shader map for material HDRI_Epic_Courtyard_Daylight_Mat, compiling. 
[2016.10.14-16.15.47:343][467]LogMaterial:Warning: Failed to compile Material /Game/StarterContent/HDRI/HDRI_Epic_Courtyard_Daylight_Mat.HDRI_Epic_Courtyard_Daylight_Mat for platform PCD3D_SM5, Default Material will be used in game.
[2016.10.14-16.15.47:343][467]LogMaterial:Warning: 	(Node TextureSample) Coercion failed: Parameters.TexCoords[0].xy: float2 -> float3
[2016.10.14-16.16.13:865][219]MapCheck: New page: Map Check
[2016.10.14-16.16.13:998][219]Cmd: MAP REBUILD ALLVISIBLE
[2016.10.14-16.16.13:999][219]LogEditorServer: Rebuildmap Clear paths rebuilt
[2016.10.14-16.16.14:236][219]LogMaterial: Missing cached shader map for material FDebugViewModeMaterialProxy WorldGridMaterial, compiling. Is special engine material.
[2016.10.14-16.16.14:242][219]LogMaterial: Missing cached shader map for material FDebugViewModeMaterialProxy MaterialInstanceDynamic_6, compiling. 
[2016.10.14-16.16.14:250][219]LogMaterial: Missing cached shader map for material FDebugViewModeMaterialProxy AntiAliasedTextMaterialTranslucent, compiling. 
[2016.10.14-16.16.14:257][219]LogMaterial: Missing cached shader map for material FDebugViewModeMaterialProxy DefaultMaterial, compiling. 
[2016.10.14-16.16.14:265][219]LogMaterial: Missing cached shader map for material FDebugViewModeMaterialProxy M_Wood_Floor_Walnut_Polished, compiling. 
[2016.10.14-16.16.14:272][219]LogMaterial: Missing cached shader map for material FDebugViewModeMaterialProxy M_Basic_Wall, compiling. 
[2016.10.14-16.16.14:280][219]LogMaterial: Missing cached shader map for material FDebugViewModeMaterialProxy BONCONTRO_Mat, compiling. 
[2016.10.14-16.16.14:286][219]LogMaterial: Missing cached shader map for material FDebugViewModeMaterialProxy M_Wood_Oak, compiling. 
[2016.10.14-16.16.14:294][219]LogMaterial: Missing cached shader map for material FDebugViewModeMaterialProxy M_Chair, compiling. 
[2016.10.14-16.16.14:302][219]LogMaterial: Missing cached shader map for material FDebugViewModeMaterialProxy M_Bush, compiling. 
[2016.10.14-16.16.14:310][219]LogMaterial: Missing cached shader map for material FDebugViewModeMaterialProxy M_Ground_Grass, compiling. 
[2016.10.14-16.16.14:317][219]LogMaterial: Missing cached shader map for material FDebugViewModeMaterialProxy M_Glass, compiling. 
[2016.10.14-16.16.14:323][219]LogMaterial: Missing cached shader map for material FDebugViewModeMaterialProxy MatineeCam_mat, compiling. 
[2016.10.14-16.16.14:331][219]LogMaterial: Missing cached shader map for material FDebugViewModeMaterialProxy M_Rock, compiling. 
[2016.10.14-16.16.14:339][219]LogMaterial: Missing cached shader map for material FDebugViewModeMaterialProxy HDRI_Epic_Courtyard_Daylight_Mat, compiling. 
[2016.10.14-16.16.14:344][219]LogMaterial: Missing cached shader map for material FDebugViewModeMaterialProxy M_Wood_Walnut, compiling. 
[2016.10.14-16.16.15:705][219]LogLevel:Display: Export Material TexCoord Scales took 0.022 seconds.
[2016.10.14-16.16.15:719][219]TextureStreamingBuild:Display: Build Texture Streaming took 0.014 seconds.
[2016.10.14-16.16.15:727][219]LightingResults: New page: Lighting Build - Oct 14, 2016, 7:16:15 AM
[2016.10.14-16.16.15:733][219]LogSwarmInterface: [OpenConnection] Registering TCP channel ...
[2016.10.14-16.16.15:735][219]LogSwarmInterface: [OpenConnection] Connecting to agent ...
[2016.10.14-16.16.15:735][219]LogSwarmInterface: [TryOpenConnection] Testing the Agent
[2016.10.14-16.16.15:736][219]LogSwarmInterface: [TryOpenConnection] Opening Connection to Agent
[2016.10.14-16.16.15:736][219]LogSwarmInterface: [TryOpenConnection] Local Process ID is 9840
[2016.10.14-16.16.17:392][219]LogStaticLightingSystem: Running Lightmass w/ ImmediateImport mode ENABLED
[2016.10.14-16.16.17:392][219]LogStaticLightingSystem: Running Lightmass w/ ImmediateProcess mode ENABLED
[2016.10.14-16.16.17:392][219]LogStaticLightingSystem: Running Lightmass w/ Sorting mode ENABLED
[2016.10.14-16.16.17:392][219]LogStaticLightingSystem: Running Lightmass w/ Mapping paddings ENABLED
[2016.10.14-16.16.17:392][219]LogStaticLightingSystem: Running Lightmass w/ Mapping debug paddings DISABLED
[2016.10.14-16.16.17:670][219]Cmd: MAP CHECK DONTDISPLAYDIALOG
[2016.10.14-16.16.17:670][219]MapCheck: New page: MotionControllerMap - Oct 14, 2016, 7:16:17 AM
[2016.10.14-16.16.17:672][219]MapCheck:Error: Error WorldInfo_0 Maps need lighting rebuilt 
[2016.10.14-16.16.17:831][219]MapCheck: Info Map check complete: 1 Error(s), 0 Warning(s), took 160.719ms to complete.
[2016.10.14-16.16.17:855][219]LogEditorBuildUtils: Build time 0:03
[2016.10.14-16.16.18:079][221]LogMaterial: Missing cached shader map for material FLightmassMaterialRenderer M_Rock, compiling. 
[2016.10.14-16.16.18:090][221]LogMaterial: Missing cached shader map for material FLightmassMaterialRenderer M_Rock, compiling. 
[2016.10.14-16.16.18:136][222]LogMaterial: Missing cached shader map for material FLightmassMaterialRenderer HDRI_Epic_Courtyard_Daylight_Mat, compiling. 
[2016.10.14-16.16.18:142][222]LogMaterial: Missing cached shader map for material FLightmassMaterialRenderer HDRI_Epic_Courtyard_Daylight_Mat, compiling. 
[2016.10.14-16.16.22:305][277]Job is a success!
[2016.10.14-16.16.23:155][278]LogTexture:Display: Building textures: HQ_Lightmap0_1 (AutoDXT)
[2016.10.14-16.16.23:155][278]LogTexture:Display: Building textures: LQ_Lightmap_0_1 (DXT1)
[2016.10.14-16.16.23:155][278]LogTexture:Display: Building textures: HQ_Lightmap1_2 (AutoDXT)
[2016.10.14-16.16.23:155][278]LogTexture:Display: Building textures: LQ_Lightmap_1_2 (DXT1)
[2016.10.14-16.16.23:155][278]LogTexture:Display: Building textures: HQ_Lightmap0_3 (AutoDXT)
[2016.10.14-16.16.23:155][278]LogTexture:Display: Building textures: LQ_Lightmap_0_3 (DXT1)
[2016.10.14-16.16.23:155][278]LogTexture:Display: Building textures: HQ_Lightmap0_4 (AutoDXT)
[2016.10.14-16.16.23:155][278]LogTexture:Display: Building textures: LQ_Lightmap_0_4 (DXT1)
[2016.10.14-16.16.23:319][278]LogTexture:Display: Building textures: ShadowMapTexture2D_8 (BGRA8)
[2016.10.14-16.16.23:319][278]LogTexture:Display: Building textures: ShadowMapTexture2D_9 (BGRA8)
[2016.10.14-16.16.23:319][278]LogTexture:Display: Building textures: ShadowMapTexture2D_10 (G8)
[2016.10.14-16.16.23:319][278]LogTexture:Display: Building textures: ShadowMapTexture2D_11 (G8)
[2016.10.14-16.16.23:342][278]Lightmass on DESKTOP-C6JH4LA: 3.24 sec total, 158 ms importing, 25 ms setup, 276 ms photons, 2.76 sec processing, 0 ms extra exporting [81/81 mappings]. Threads: 11.0 sec total, 5.01 sec processing.
[2016.10.14-16.16.23:475][278]LogMaterial:Warning: Material /Game/StarterContent/HDRI/HDRI_Epic_Courtyard_Daylight_Mat.HDRI_Epic_Courtyard_Daylight_Mat needed to have new flag set bUsedWithStaticLighting !
[2016.10.14-16.16.23:478][278]LogMaterial: Missing cached shader map for material HDRI_Epic_Courtyard_Daylight_Mat, compiling. 
[2016.10.14-16.16.23:478][278]LogMaterial:Warning: Failed to compile Material /Game/StarterContent/HDRI/HDRI_Epic_Courtyard_Daylight_Mat.HDRI_Epic_Courtyard_Daylight_Mat for platform PCD3D_SM5, Default Material will be used in game.
[2016.10.14-16.16.23:478][278]LogMaterial:Warning: 	(Node TextureSample) Coercion failed: Parameters.TexCoords[0].xy: float2 -> float3
[2016.10.14-16.16.23:478][278]LogMaterial: 0.00 seconds spent updating 1 materials, 1 interfaces, 0 instances, 0 with static permutations.
[2016.10.14-16.16.23:533][278]LogStaticLightingSystem: Illumination: 7.61 sec (362 ms encoding lightmaps, 159 ms encoding shadowmaps)
[2016.10.14-16.16.23:533][278]LogStaticLightingSystem: Lightmap texture memory:  2.1 MB (0.1 MB streaming, 2.0 MB non-streaming), 8 textures
[2016.10.14-16.16.23:533][278]LogStaticLightingSystem: Shadowmap texture memory: 2.8 MB (0.2 MB streaming, 2.7 MB non-streaming), 4 textures
[2016.10.14-16.16.24:416][279]Cmd: MAP CHECK NOTIFYRESULTS
[2016.10.14-16.16.24:417][279]MapCheck: New page: MotionControllerMap - Oct 14, 2016, 7:16:24 AM
[2016.10.14-16.16.24:562][279]MapCheck: Info Map check complete: 0 Error(s), 0 Warning(s), took 144.905ms to complete.
[2016.10.14-16.16.35:315][594]Cmd: DELETE
[2016.10.14-16.16.35:315][594]Cmd: ACTOR DELETE
[2016.10.14-16.16.35:317][594]LogEditorActor: Deleted Actor: Brush
[2016.10.14-16.16.35:364][594]LogEditorActor: Deleted 1 Actors (0.049 secs)
[2016.10.14-16.16.39:963][732]Cmd: TRANSACTION UNDO
[2016.10.14-16.16.39:963][732]LogEditorTransaction: Undo Delete Actors
[2016.10.14-16.16.40:007][732]LogActorComponent: ~FComponentReregisterContext: (/Game/VirtualRealityBP/Maps/MotionControllerMap.MotionControllerMap:PersistentLevel.BoxBrush9.BrushComponent0) Component already registered.
[2016.10.14-16.16.40:011][732]LogActorComponent: ~FComponentReregisterContext: (/Game/VirtualRealityBP/Maps/MotionControllerMap.MotionControllerMap:PersistentLevel.BoxBrush15.BrushComponent0) Component already registered.
[2016.10.14-16.16.40:012][732]LogActorComponent: ~FComponentReregisterContext: (/Game/VirtualRealityBP/Maps/MotionControllerMap.MotionControllerMap:PersistentLevel.BoxBrush3.BrushComponent0) Component already registered.
[2016.10.14-16.17.20:940][905]Cmd: DELETE
[2016.10.14-16.17.20:940][905]Cmd: ACTOR DELETE
[2016.10.14-16.17.20:942][905]LogEditorActor: Deleted Acto